<?xml version="1.0" encoding="UTF-8"?>
<!-- Generated by org.testng.reporters.JUnitReportReporter -->
<testsuite hostname="GatedONTech-PC" name="gasct.Browser" tests="1" failures="0" timestamp="15 Jul 2019 10:20:01 GMT" time="23.849" errors="0">
  <testcase name="home" time="23.849" classname="gasct.Browser"/>
</testsuite> <!-- gasct.Browser -->
